[02-Jan-2018 23:27:27 UTC] PHP Warning:  sha1_file(/tmp/phpcZ7ebd): failed to open stream: No such file or directory in /home/ubuntu/workspace/server/upload.php on line 56
[02-Jan-2018 23:27:27 UTC] PHP Stack trace:
[02-Jan-2018 23:27:27 UTC] PHP   1. {main}() /home/ubuntu/workspace/server/upload.php:0
[02-Jan-2018 23:27:27 UTC] PHP   2. sha1_file(*uninitialized*) /home/ubuntu/workspace/server/upload.php:56
[02-Jan-2018 23:27:28 UTC] PHP Fatal error:  Uncaught exception 'PDOException' with message 'SQLSTATE[42000]: Syntax error or access violation: 1064 You have an error in your SQL syntax; check the manual that corresponds to your MySQL server version for the right syntax to use near ':%20sha1_file(/tmp/phpcZ7ebd):%20failed%20to%20open%20stream:%20No%20such%20file' at line 1' in /home/ubuntu/workspace/server/searchProfile.php:6
Stack trace:
#0 /home/ubuntu/workspace/server/searchProfile.php(6): PDOStatement->execute()
#1 {main}
  thrown in /home/ubuntu/workspace/server/searchProfile.php on line 6
[02-Jan-2018 23:29:10 UTC] PHP Warning:  move_uploaded_file(/home/ubuntu/workspace/client/img/instagram_img//tmp/phpjQygbF.jpg): failed to open stream: No such file or directory in /home/ubuntu/workspace/server/upload.php on line 45
[02-Jan-2018 23:29:10 UTC] PHP Stack trace:
[02-Jan-2018 23:29:10 UTC] PHP   1. {main}() /home/ubuntu/workspace/server/upload.php:0
[02-Jan-2018 23:29:10 UTC] PHP   2. move_uploaded_file(*uninitialized*, *uninitialized*) /home/ubuntu/workspace/server/upload.php:45
[02-Jan-2018 23:29:10 UTC] PHP Warning:  move_uploaded_file(): Unable to move '/tmp/phpjQygbF' to '/home/ubuntu/workspace/client/img/instagram_img//tmp/phpjQygbF.jpg' in /home/ubuntu/workspace/server/upload.php on line 45
[02-Jan-2018 23:29:10 UTC] PHP Stack trace:
[02-Jan-2018 23:29:10 UTC] PHP   1. {main}() /home/ubuntu/workspace/server/upload.php:0
[02-Jan-2018 23:29:10 UTC] PHP   2. move_uploaded_file(*uninitialized*, *uninitialized*) /home/ubuntu/workspace/server/upload.php:45
[02-Jan-2018 23:29:11 UTC] PHP Fatal error:  Uncaught exception 'PDOException' with message 'SQLSTATE[42000]: Syntax error or access violation: 1064 You have an error in your SQL syntax; check the manual that corresponds to your MySQL server version for the right syntax to use near ':%20move_uploaded_file(/home/ubuntu/workspace/client/img/instagram_img//tmp/phpj' at line 1' in /home/ubuntu/workspace/server/searchProfile.php:6
Stack trace:
#0 /home/ubuntu/workspace/server/searchProfile.php(6): PDOStatement->execute()
#1 {main}
  thrown in /home/ubuntu/workspace/server/searchProfile.php on line 6
[02-Jan-2018 23:33:59 UTC] PHP Warning:  sha1_file(/tmp/phpV2KtHh): failed to open stream: No such file or directory in /home/ubuntu/workspace/server/upload.php on line 56
[02-Jan-2018 23:33:59 UTC] PHP Stack trace:
[02-Jan-2018 23:33:59 UTC] PHP   1. {main}() /home/ubuntu/workspace/server/upload.php:0
[02-Jan-2018 23:33:59 UTC] PHP   2. sha1_file(*uninitialized*) /home/ubuntu/workspace/server/upload.php:56
[02-Jan-2018 23:34:00 UTC] PHP Fatal error:  Uncaught exception 'PDOException' with message 'SQLSTATE[42000]: Syntax error or access violation: 1064 You have an error in your SQL syntax; check the manual that corresponds to your MySQL server version for the right syntax to use near ':%20sha1_file(/tmp/phpV2KtHh):%20failed%20to%20open%20stream:%20No%20such%20file' at line 1' in /home/ubuntu/workspace/server/searchProfile.php:6
Stack trace:
#0 /home/ubuntu/workspace/server/searchProfile.php(6): PDOStatement->execute()
#1 {main}
  thrown in /home/ubuntu/workspace/server/searchProfile.php on line 6
[02-Jan-2018 23:35:08 UTC] PHP Warning:  sha1_file(/tmp/phpMhhODb): failed to open stream: No such file or directory in /home/ubuntu/workspace/server/upload.php on line 56
[02-Jan-2018 23:35:08 UTC] PHP Stack trace:
[02-Jan-2018 23:35:08 UTC] PHP   1. {main}() /home/ubuntu/workspace/server/upload.php:0
[02-Jan-2018 23:35:08 UTC] PHP   2. sha1_file(*uninitialized*) /home/ubuntu/workspace/server/upload.php:56
[02-Jan-2018 23:35:09 UTC] PHP Fatal error:  Uncaught exception 'PDOException' with message 'SQLSTATE[42000]: Syntax error or access violation: 1064 You have an error in your SQL syntax; check the manual that corresponds to your MySQL server version for the right syntax to use near ':%20sha1_file(/tmp/phpMhhODb):%20failed%20to%20open%20stream:%20No%20such%20file' at line 1' in /home/ubuntu/workspace/server/searchProfile.php:6
Stack trace:
#0 /home/ubuntu/workspace/server/searchProfile.php(6): PDOStatement->execute()
#1 {main}
  thrown in /home/ubuntu/workspace/server/searchProfile.php on line 6
[02-Jan-2018 23:36:16 UTC] PHP Warning:  sha1_file(/tmp/phpcI5IGX): failed to open stream: No such file or directory in /home/ubuntu/workspace/server/upload.php on line 56
[02-Jan-2018 23:36:16 UTC] PHP Stack trace:
[02-Jan-2018 23:36:16 UTC] PHP   1. {main}() /home/ubuntu/workspace/server/upload.php:0
[02-Jan-2018 23:36:16 UTC] PHP   2. sha1_file(*uninitialized*) /home/ubuntu/workspace/server/upload.php:56
[02-Jan-2018 23:38:05 UTC] PHP Warning:  sha1_file(/tmp/phpD9YgS6): failed to open stream: No such file or directory in /home/ubuntu/workspace/server/upload.php on line 56
[02-Jan-2018 23:38:05 UTC] PHP Stack trace:
[02-Jan-2018 23:38:05 UTC] PHP   1. {main}() /home/ubuntu/workspace/server/upload.php:0
[02-Jan-2018 23:38:05 UTC] PHP   2. sha1_file(*uninitialized*) /home/ubuntu/workspace/server/upload.php:56
[02-Jan-2018 23:38:06 UTC] PHP Fatal error:  Uncaught exception 'PDOException' with message 'SQLSTATE[42000]: Syntax error or access violation: 1064 You have an error in your SQL syntax; check the manual that corresponds to your MySQL server version for the right syntax to use near ':%20sha1_file(/tmp/phpD9YgS6):%20failed%20to%20open%20stream:%20No%20such%20file' at line 1' in /home/ubuntu/workspace/server/searchProfile.php:6
Stack trace:
#0 /home/ubuntu/workspace/server/searchProfile.php(6): PDOStatement->execute()
#1 {main}
  thrown in /home/ubuntu/workspace/server/searchProfile.php on line 6
[02-Jan-2018 23:38:42 UTC] PHP Warning:  sha1_file(/tmp/php3QVeq9): failed to open stream: No such file or directory in /home/ubuntu/workspace/server/upload.php on line 56
[02-Jan-2018 23:38:42 UTC] PHP Stack trace:
[02-Jan-2018 23:38:42 UTC] PHP   1. {main}() /home/ubuntu/workspace/server/upload.php:0
[02-Jan-2018 23:38:42 UTC] PHP   2. sha1_file(*uninitialized*) /home/ubuntu/workspace/server/upload.php:56
[02-Jan-2018 23:51:09 UTC] PHP Warning:  Cannot modify header information - headers already sent by (output started at /home/ubuntu/workspace/server/getPostsContent.php:10) in /home/ubuntu/workspace/server/getPostsContent.php on line 11
[02-Jan-2018 23:51:09 UTC] PHP Stack trace:
[02-Jan-2018 23:51:09 UTC] PHP   1. {main}() /home/ubuntu/workspace/server/getPostsContent.php:0
[02-Jan-2018 23:51:09 UTC] PHP   2. header() /home/ubuntu/workspace/server/getPostsContent.php:11
[02-Jan-2018 23:51:10 UTC] PHP Warning:  Cannot modify header information - headers already sent by (output started at /home/ubuntu/workspace/server/getPostsContent.php:10) in /home/ubuntu/workspace/server/getPostsContent.php on line 11
[02-Jan-2018 23:51:10 UTC] PHP Stack trace:
[02-Jan-2018 23:51:10 UTC] PHP   1. {main}() /home/ubuntu/workspace/server/getPostsContent.php:0
[02-Jan-2018 23:51:10 UTC] PHP   2. header() /home/ubuntu/workspace/server/getPostsContent.php:11
[02-Jan-2018 23:51:10 UTC] PHP Warning:  Cannot modify header information - headers already sent by (output started at /home/ubuntu/workspace/server/getPostsContent.php:10) in /home/ubuntu/workspace/server/getPostsContent.php on line 11
[02-Jan-2018 23:51:10 UTC] PHP Stack trace:
[02-Jan-2018 23:51:10 UTC] PHP   1. {main}() /home/ubuntu/workspace/server/getPostsContent.php:0
[02-Jan-2018 23:51:10 UTC] PHP   2. header() /home/ubuntu/workspace/server/getPostsContent.php:11
[02-Jan-2018 23:51:10 UTC] PHP Warning:  Cannot modify header information - headers already sent by (output started at /home/ubuntu/workspace/server/getPostsContent.php:10) in /home/ubuntu/workspace/server/getPostsContent.php on line 11
[02-Jan-2018 23:51:10 UTC] PHP Stack trace:
[02-Jan-2018 23:51:10 UTC] PHP   1. {main}() /home/ubuntu/workspace/server/getPostsContent.php:0
[02-Jan-2018 23:51:10 UTC] PHP   2. header() /home/ubuntu/workspace/server/getPostsContent.php:11
[02-Jan-2018 23:51:10 UTC] PHP Warning:  Cannot modify header information - headers already sent by (output started at /home/ubuntu/workspace/server/getPostsContent.php:10) in /home/ubuntu/workspace/server/getPostsContent.php on line 11
[02-Jan-2018 23:51:10 UTC] PHP Stack trace:
[02-Jan-2018 23:51:10 UTC] PHP   1. {main}() /home/ubuntu/workspace/server/getPostsContent.php:0
[02-Jan-2018 23:51:10 UTC] PHP   2. header() /home/ubuntu/workspace/server/getPostsContent.php:11
[02-Jan-2018 23:51:10 UTC] PHP Warning:  Cannot modify header information - headers already sent by (output started at /home/ubuntu/workspace/server/getPostsContent.php:10) in /home/ubuntu/workspace/server/getPostsContent.php on line 11
[02-Jan-2018 23:51:10 UTC] PHP Stack trace:
[02-Jan-2018 23:51:10 UTC] PHP   1. {main}() /home/ubuntu/workspace/server/getPostsContent.php:0
[02-Jan-2018 23:51:10 UTC] PHP   2. header() /home/ubuntu/workspace/server/getPostsContent.php:11
[02-Jan-2018 23:51:10 UTC] PHP Warning:  Cannot modify header information - headers already sent by (output started at /home/ubuntu/workspace/server/getPostsContent.php:10) in /home/ubuntu/workspace/server/getPostsContent.php on line 11
[02-Jan-2018 23:51:10 UTC] PHP Stack trace:
[02-Jan-2018 23:51:10 UTC] PHP   1. {main}() /home/ubuntu/workspace/server/getPostsContent.php:0
[02-Jan-2018 23:51:10 UTC] PHP   2. header() /home/ubuntu/workspace/server/getPostsContent.php:11
[02-Jan-2018 23:51:10 UTC] PHP Warning:  Cannot modify header information - headers already sent by (output started at /home/ubuntu/workspace/server/getPostsContent.php:10) in /home/ubuntu/workspace/server/getPostsContent.php on line 11
[02-Jan-2018 23:51:10 UTC] PHP Stack trace:
[02-Jan-2018 23:51:10 UTC] PHP   1. {main}() /home/ubuntu/workspace/server/getPostsContent.php:0
[02-Jan-2018 23:51:10 UTC] PHP   2. header() /home/ubuntu/workspace/server/getPostsContent.php:11
[02-Jan-2018 23:51:10 UTC] PHP Warning:  Cannot modify header information - headers already sent by (output started at /home/ubuntu/workspace/server/getPostsContent.php:10) in /home/ubuntu/workspace/server/getPostsContent.php on line 11
[02-Jan-2018 23:51:10 UTC] PHP Stack trace:
[02-Jan-2018 23:51:10 UTC] PHP   1. {main}() /home/ubuntu/workspace/server/getPostsContent.php:0
[02-Jan-2018 23:51:10 UTC] PHP   2. header() /home/ubuntu/workspace/server/getPostsContent.php:11
[02-Jan-2018 23:51:10 UTC] PHP Warning:  Cannot modify header information - headers already sent by (output started at /home/ubuntu/workspace/server/getPostsContent.php:10) in /home/ubuntu/workspace/server/getPostsContent.php on line 11
[02-Jan-2018 23:51:10 UTC] PHP Stack trace:
[02-Jan-2018 23:51:10 UTC] PHP   1. {main}() /home/ubuntu/workspace/server/getPostsContent.php:0
[02-Jan-2018 23:51:10 UTC] PHP   2. header() /home/ubuntu/workspace/server/getPostsContent.php:11
[02-Jan-2018 23:51:10 UTC] PHP Warning:  Cannot modify header information - headers already sent by (output started at /home/ubuntu/workspace/server/getPostsContent.php:10) in /home/ubuntu/workspace/server/getPostsContent.php on line 11
[02-Jan-2018 23:51:10 UTC] PHP Warning:  Cannot modify header information - headers already sent by (output started at /home/ubuntu/workspace/server/getPostsContent.php:10) in /home/ubuntu/workspace/server/getPostsContent.php on line 11
[02-Jan-2018 23:51:10 UTC] PHP Stack trace:
[02-Jan-2018 23:51:10 UTC] PHP Stack trace:
[02-Jan-2018 23:51:10 UTC] PHP   1. {main}() /home/ubuntu/workspace/server/getPostsContent.php:0
[02-Jan-2018 23:51:10 UTC] PHP   2. header() /home/ubuntu/workspace/server/getPostsContent.php:11
[02-Jan-2018 23:51:10 UTC] PHP   1. {main}() /home/ubuntu/workspace/server/getPostsContent.php:0
[02-Jan-2018 23:51:10 UTC] PHP   2. header() /home/ubuntu/workspace/server/getPostsContent.php:11
[02-Jan-2018 23:51:10 UTC] PHP Warning:  Cannot modify header information - headers already sent by (output started at /home/ubuntu/workspace/server/getPostsContent.php:10) in /home/ubuntu/workspace/server/getPostsContent.php on line 11
[02-Jan-2018 23:51:10 UTC] PHP Stack trace:
[02-Jan-2018 23:51:10 UTC] PHP   1. {main}() /home/ubuntu/workspace/server/getPostsContent.php:0
[02-Jan-2018 23:51:10 UTC] PHP   2. header() /home/ubuntu/workspace/server/getPostsContent.php:11
[02-Jan-2018 23:51:10 UTC] PHP Warning:  Cannot modify header information - headers already sent by (output started at /home/ubuntu/workspace/server/getPostsContent.php:10) in /home/ubuntu/workspace/server/getPostsContent.php on line 11
[02-Jan-2018 23:51:10 UTC] PHP Stack trace:
[02-Jan-2018 23:51:10 UTC] PHP   1. {main}() /home/ubuntu/workspace/server/getPostsContent.php:0
[02-Jan-2018 23:51:10 UTC] PHP   2. header() /home/ubuntu/workspace/server/getPostsContent.php:11
[02-Jan-2018 23:51:10 UTC] PHP Warning:  Cannot modify header information - headers already sent by (output started at /home/ubuntu/workspace/server/getPostsContent.php:10) in /home/ubuntu/workspace/server/getPostsContent.php on line 11
[02-Jan-2018 23:51:10 UTC] PHP Stack trace:
[02-Jan-2018 23:51:10 UTC] PHP   1. {main}() /home/ubuntu/workspace/server/getPostsContent.php:0
[02-Jan-2018 23:51:10 UTC] PHP   2. header() /home/ubuntu/workspace/server/getPostsContent.php:11
[02-Jan-2018 23:52:28 UTC] PHP Warning:  Cannot modify header information - headers already sent by (output started at /home/ubuntu/workspace/server/getPostsContent.php:10) in /home/ubuntu/workspace/server/getPostsContent.php on line 11
[02-Jan-2018 23:52:28 UTC] PHP Warning:  Cannot modify header information - headers already sent by (output started at /home/ubuntu/workspace/server/getPostsContent.php:10) in /home/ubuntu/workspace/server/getPostsContent.php on line 11
[02-Jan-2018 23:52:28 UTC] PHP Stack trace:
[02-Jan-2018 23:52:28 UTC] PHP   1. {main}() /home/ubuntu/workspace/server/getPostsContent.php:0
[02-Jan-2018 23:52:28 UTC] PHP   2. header(*uninitialized*) /home/ubuntu/workspace/server/getPostsContent.php:11
[02-Jan-2018 23:52:28 UTC] PHP Warning:  Cannot modify header information - headers already sent by (output started at /home/ubuntu/workspace/server/getPostsContent.php:10) in /home/ubuntu/workspace/server/getPostsContent.php on line 11
[02-Jan-2018 23:52:28 UTC] PHP Stack trace:
[02-Jan-2018 23:52:28 UTC] PHP   1. {main}() /home/ubuntu/workspace/server/getPostsContent.php:0
[02-Jan-2018 23:52:28 UTC] PHP   2. header(*uninitialized*) /home/ubuntu/workspace/server/getPostsContent.php:11
[02-Jan-2018 23:52:28 UTC] PHP Warning:  Cannot modify header information - headers already sent by (output started at /home/ubuntu/workspace/server/getPostsContent.php:10) in /home/ubuntu/workspace/server/getPostsContent.php on line 11
[02-Jan-2018 23:52:28 UTC] PHP Stack trace:
[02-Jan-2018 23:52:28 UTC] PHP   1. {main}() /home/ubuntu/workspace/server/getPostsContent.php:0
[02-Jan-2018 23:52:28 UTC] PHP Stack trace:
[02-Jan-2018 23:52:28 UTC] PHP   2. header(*uninitialized*) /home/ubuntu/workspace/server/getPostsContent.php:11
[02-Jan-2018 23:52:28 UTC] PHP   1. {main}() /home/ubuntu/workspace/server/getPostsContent.php:0
[02-Jan-2018 23:52:28 UTC] PHP   2. header(*uninitialized*) /home/ubuntu/workspace/server/getPostsContent.php:11
[02-Jan-2018 23:52:28 UTC] PHP Warning:  Cannot modify header information - headers already sent by (output started at /home/ubuntu/workspace/server/getPostsContent.php:10) in /home/ubuntu/workspace/server/getPostsContent.php on line 11
[02-Jan-2018 23:52:28 UTC] PHP Stack trace:
[02-Jan-2018 23:52:28 UTC] PHP   1. {main}() /home/ubuntu/workspace/server/getPostsContent.php:0
[02-Jan-2018 23:52:28 UTC] PHP   2. header(*uninitialized*) /home/ubuntu/workspace/server/getPostsContent.php:11
[02-Jan-2018 23:52:28 UTC] PHP Warning:  Cannot modify header information - headers already sent by (output started at /home/ubuntu/workspace/server/getPostsContent.php:10) in /home/ubuntu/workspace/server/getPostsContent.php on line 11
[02-Jan-2018 23:52:28 UTC] PHP Stack trace:
[02-Jan-2018 23:52:28 UTC] PHP   1. {main}() /home/ubuntu/workspace/server/getPostsContent.php:0
[02-Jan-2018 23:52:28 UTC] PHP   2. header(*uninitialized*) /home/ubuntu/workspace/server/getPostsContent.php:11
[02-Jan-2018 23:52:28 UTC] PHP Warning:  Cannot modify header information - headers already sent by (output started at /home/ubuntu/workspace/server/getPostsContent.php:10) in /home/ubuntu/workspace/server/getPostsContent.php on line 11
[02-Jan-2018 23:52:28 UTC] PHP Stack trace:
[02-Jan-2018 23:52:28 UTC] PHP   1. {main}() /home/ubuntu/workspace/server/getPostsContent.php:0
[02-Jan-2018 23:52:28 UTC] PHP   2. header() /home/ubuntu/workspace/server/getPostsContent.php:11
[02-Jan-2018 23:52:28 UTC] PHP Warning:  Cannot modify header information - headers already sent by (output started at /home/ubuntu/workspace/server/getPostsContent.php:10) in /home/ubuntu/workspace/server/getPostsContent.php on line 11
[02-Jan-2018 23:52:28 UTC] PHP Stack trace:
[02-Jan-2018 23:52:28 UTC] PHP   1. {main}() /home/ubuntu/workspace/server/getPostsContent.php:0
[02-Jan-2018 23:52:28 UTC] PHP   2. header() /home/ubuntu/workspace/server/getPostsContent.php:11
[02-Jan-2018 23:52:28 UTC] PHP Warning:  Cannot modify header information - headers already sent by (output started at /home/ubuntu/workspace/server/getPostsContent.php:10) in /home/ubuntu/workspace/server/getPostsContent.php on line 11
[02-Jan-2018 23:52:28 UTC] PHP Stack trace:
[02-Jan-2018 23:52:28 UTC] PHP   1. {main}() /home/ubuntu/workspace/server/getPostsContent.php:0
[02-Jan-2018 23:52:28 UTC] PHP   2. header() /home/ubuntu/workspace/server/getPostsContent.php:11
[02-Jan-2018 23:52:28 UTC] PHP Warning:  Cannot modify header information - headers already sent by (output started at /home/ubuntu/workspace/server/getPostsContent.php:10) in /home/ubuntu/workspace/server/getPostsContent.php on line 11
[02-Jan-2018 23:52:28 UTC] PHP Stack trace:
[02-Jan-2018 23:52:28 UTC] PHP   1. {main}() /home/ubuntu/workspace/server/getPostsContent.php:0
[02-Jan-2018 23:52:28 UTC] PHP   2. header() /home/ubuntu/workspace/server/getPostsContent.php:11
[02-Jan-2018 23:52:28 UTC] PHP Warning:  Cannot modify header information - headers already sent by (output started at /home/ubuntu/workspace/server/getPostsContent.php:10) in /home/ubuntu/workspace/server/getPostsContent.php on line 11
[02-Jan-2018 23:52:28 UTC] PHP Stack trace:
[02-Jan-2018 23:52:28 UTC] PHP   1. {main}() /home/ubuntu/workspace/server/getPostsContent.php:0
[02-Jan-2018 23:52:28 UTC] PHP   2. header() /home/ubuntu/workspace/server/getPostsContent.php:11
[02-Jan-2018 23:52:28 UTC] PHP Warning:  Cannot modify header information - headers already sent by (output started at /home/ubuntu/workspace/server/getPostsContent.php:10) in /home/ubuntu/workspace/server/getPostsContent.php on line 11
[02-Jan-2018 23:52:28 UTC] PHP Stack trace:
[02-Jan-2018 23:52:28 UTC] PHP   1. {main}() /home/ubuntu/workspace/server/getPostsContent.php:0
[02-Jan-2018 23:52:28 UTC] PHP   2. header() /home/ubuntu/workspace/server/getPostsContent.php:11
[02-Jan-2018 23:52:28 UTC] PHP Warning:  Cannot modify header information - headers already sent by (output started at /home/ubuntu/workspace/server/getPostsContent.php:10) in /home/ubuntu/workspace/server/getPostsContent.php on line 11
[02-Jan-2018 23:52:28 UTC] PHP Stack trace:
[02-Jan-2018 23:52:28 UTC] PHP   1. {main}() /home/ubuntu/workspace/server/getPostsContent.php:0
[02-Jan-2018 23:52:28 UTC] PHP   2. header() /home/ubuntu/workspace/server/getPostsContent.php:11
[02-Jan-2018 23:52:28 UTC] PHP Warning:  Cannot modify header information - headers already sent by (output started at /home/ubuntu/workspace/server/getPostsContent.php:10) in /home/ubuntu/workspace/server/getPostsContent.php on line 11
[02-Jan-2018 23:52:28 UTC] PHP Stack trace:
[02-Jan-2018 23:52:28 UTC] PHP   1. {main}() /home/ubuntu/workspace/server/getPostsContent.php:0
[02-Jan-2018 23:52:28 UTC] PHP   2. header() /home/ubuntu/workspace/server/getPostsContent.php:11
[02-Jan-2018 23:52:28 UTC] PHP Warning:  Cannot modify header information - headers already sent by (output started at /home/ubuntu/workspace/server/getPostsContent.php:10) in /home/ubuntu/workspace/server/getPostsContent.php on line 11
[02-Jan-2018 23:52:28 UTC] PHP Stack trace:
[02-Jan-2018 23:52:28 UTC] PHP   1. {main}() /home/ubuntu/workspace/server/getPostsContent.php:0
[02-Jan-2018 23:52:28 UTC] PHP   2. header() /home/ubuntu/workspace/server/getPostsContent.php:11
[02-Jan-2018 23:52:28 UTC] PHP Warning:  Cannot modify header information - headers already sent by (output started at /home/ubuntu/workspace/server/getPostsContent.php:10) in /home/ubuntu/workspace/server/getPostsContent.php on line 11
[02-Jan-2018 23:52:28 UTC] PHP Stack trace:
[02-Jan-2018 23:52:28 UTC] PHP   1. {main}() /home/ubuntu/workspace/server/getPostsContent.php:0
[02-Jan-2018 23:52:28 UTC] PHP   2. header() /home/ubuntu/workspace/server/getPostsContent.php:11
[02-Jan-2018 23:53:41 UTC] PHP Warning:  Cannot modify header information - headers already sent by (output started at /home/ubuntu/workspace/server/getPostsContent.php:10) in /home/ubuntu/workspace/server/getPostsContent.php on line 11
[02-Jan-2018 23:53:41 UTC] PHP Stack trace:
[02-Jan-2018 23:53:41 UTC] PHP   1. {main}() /home/ubuntu/workspace/server/getPostsContent.php:0
[02-Jan-2018 23:53:41 UTC] PHP   2. header() /home/ubuntu/workspace/server/getPostsContent.php:11
[02-Jan-2018 23:53:41 UTC] PHP Warning:  Cannot modify header information - headers already sent by (output started at /home/ubuntu/workspace/server/getPostsContent.php:10) in /home/ubuntu/workspace/server/getPostsContent.php on line 11
[02-Jan-2018 23:53:41 UTC] PHP Stack trace:
[02-Jan-2018 23:53:41 UTC] PHP   1. {main}() /home/ubuntu/workspace/server/getPostsContent.php:0
[02-Jan-2018 23:53:41 UTC] PHP   2. header() /home/ubuntu/workspace/server/getPostsContent.php:11
[02-Jan-2018 23:53:41 UTC] PHP Warning:  Cannot modify header information - headers already sent by (output started at /home/ubuntu/workspace/server/getPostsContent.php:10) in /home/ubuntu/workspace/server/getPostsContent.php on line 11
[02-Jan-2018 23:53:41 UTC] PHP Stack trace:
[02-Jan-2018 23:53:41 UTC] PHP   1. {main}() /home/ubuntu/workspace/server/getPostsContent.php:0
[02-Jan-2018 23:53:41 UTC] PHP   2. header() /home/ubuntu/workspace/server/getPostsContent.php:11
[02-Jan-2018 23:53:41 UTC] PHP Warning:  Cannot modify header information - headers already sent by (output started at /home/ubuntu/workspace/server/getPostsContent.php:10) in /home/ubuntu/workspace/server/getPostsContent.php on line 11
[02-Jan-2018 23:53:41 UTC] PHP Stack trace:
[02-Jan-2018 23:53:41 UTC] PHP   1. {main}() /home/ubuntu/workspace/server/getPostsContent.php:0
[02-Jan-2018 23:53:41 UTC] PHP   2. header() /home/ubuntu/workspace/server/getPostsContent.php:11
[02-Jan-2018 23:53:41 UTC] PHP Warning:  Cannot modify header information - headers already sent by (output started at /home/ubuntu/workspace/server/getPostsContent.php:10) in /home/ubuntu/workspace/server/getPostsContent.php on line 11
[02-Jan-2018 23:53:41 UTC] PHP Stack trace:
[02-Jan-2018 23:53:41 UTC] PHP   1. {main}() /home/ubuntu/workspace/server/getPostsContent.php:0
[02-Jan-2018 23:53:41 UTC] PHP   2. header() /home/ubuntu/workspace/server/getPostsContent.php:11
[02-Jan-2018 23:53:41 UTC] PHP Warning:  Cannot modify header information - headers already sent by (output started at /home/ubuntu/workspace/server/getPostsContent.php:10) in /home/ubuntu/workspace/server/getPostsContent.php on line 11
[02-Jan-2018 23:53:41 UTC] PHP Stack trace:
[02-Jan-2018 23:53:41 UTC] PHP   1. {main}() /home/ubuntu/workspace/server/getPostsContent.php:0
[02-Jan-2018 23:53:41 UTC] PHP   2. header() /home/ubuntu/workspace/server/getPostsContent.php:11
[02-Jan-2018 23:53:41 UTC] PHP Warning:  Cannot modify header information - headers already sent by (output started at /home/ubuntu/workspace/server/getPostsContent.php:10) in /home/ubuntu/workspace/server/getPostsContent.php on line 11
[02-Jan-2018 23:53:41 UTC] PHP Stack trace:
[02-Jan-2018 23:53:41 UTC] PHP   1. {main}() /home/ubuntu/workspace/server/getPostsContent.php:0
[02-Jan-2018 23:53:41 UTC] PHP   2. header() /home/ubuntu/workspace/server/getPostsContent.php:11
[02-Jan-2018 23:53:41 UTC] PHP Warning:  Cannot modify header information - headers already sent by (output started at /home/ubuntu/workspace/server/getPostsContent.php:10) in /home/ubuntu/workspace/server/getPostsContent.php on line 11
[02-Jan-2018 23:53:41 UTC] PHP Stack trace:
[02-Jan-2018 23:53:41 UTC] PHP   1. {main}() /home/ubuntu/workspace/server/getPostsContent.php:0
[02-Jan-2018 23:53:41 UTC] PHP   2. header() /home/ubuntu/workspace/server/getPostsContent.php:11
[02-Jan-2018 23:53:41 UTC] PHP Warning:  Cannot modify header information - headers already sent by (output started at /home/ubuntu/workspace/server/getPostsContent.php:10) in /home/ubuntu/workspace/server/getPostsContent.php on line 11
[02-Jan-2018 23:53:41 UTC] PHP Stack trace:
[02-Jan-2018 23:53:41 UTC] PHP   1. {main}() /home/ubuntu/workspace/server/getPostsContent.php:0
[02-Jan-2018 23:53:41 UTC] PHP   2. header() /home/ubuntu/workspace/server/getPostsContent.php:11
[02-Jan-2018 23:53:41 UTC] PHP Warning:  Cannot modify header information - headers already sent by (output started at /home/ubuntu/workspace/server/getPostsContent.php:10) in /home/ubuntu/workspace/server/getPostsContent.php on line 11
[02-Jan-2018 23:53:41 UTC] PHP Stack trace:
[02-Jan-2018 23:53:41 UTC] PHP   1. {main}() /home/ubuntu/workspace/server/getPostsContent.php:0
[02-Jan-2018 23:53:41 UTC] PHP   2. header() /home/ubuntu/workspace/server/getPostsContent.php:11
[02-Jan-2018 23:53:41 UTC] PHP Warning:  Cannot modify header information - headers already sent by (output started at /home/ubuntu/workspace/server/getPostsContent.php:10) in /home/ubuntu/workspace/server/getPostsContent.php on line 11
[02-Jan-2018 23:53:41 UTC] PHP Stack trace:
[02-Jan-2018 23:53:41 UTC] PHP   1. {main}() /home/ubuntu/workspace/server/getPostsContent.php:0
[02-Jan-2018 23:53:41 UTC] PHP   2. header() /home/ubuntu/workspace/server/getPostsContent.php:11
[02-Jan-2018 23:53:41 UTC] PHP Warning:  Cannot modify header information - headers already sent by (output started at /home/ubuntu/workspace/server/getPostsContent.php:10) in /home/ubuntu/workspace/server/getPostsContent.php on line 11
[02-Jan-2018 23:53:41 UTC] PHP Stack trace:
[02-Jan-2018 23:53:41 UTC] PHP   1. {main}() /home/ubuntu/workspace/server/getPostsContent.php:0
[02-Jan-2018 23:53:41 UTC] PHP   2. header() /home/ubuntu/workspace/server/getPostsContent.php:11
[02-Jan-2018 23:53:41 UTC] PHP Warning:  Cannot modify header information - headers already sent by (output started at /home/ubuntu/workspace/server/getPostsContent.php:10) in /home/ubuntu/workspace/server/getPostsContent.php on line 11
[02-Jan-2018 23:53:41 UTC] PHP Stack trace:
[02-Jan-2018 23:53:41 UTC] PHP   1. {main}() /home/ubuntu/workspace/server/getPostsContent.php:0
[02-Jan-2018 23:53:41 UTC] PHP   2. header() /home/ubuntu/workspace/server/getPostsContent.php:11
[02-Jan-2018 23:53:42 UTC] PHP Warning:  Cannot modify header information - headers already sent by (output started at /home/ubuntu/workspace/server/getPostsContent.php:10) in /home/ubuntu/workspace/server/getPostsContent.php on line 11
[02-Jan-2018 23:53:42 UTC] PHP Stack trace:
[02-Jan-2018 23:53:42 UTC] PHP   1. {main}() /home/ubuntu/workspace/server/getPostsContent.php:0
[02-Jan-2018 23:53:42 UTC] PHP   2. header() /home/ubuntu/workspace/server/getPostsContent.php:11
[02-Jan-2018 23:53:42 UTC] PHP Warning:  Cannot modify header information - headers already sent by (output started at /home/ubuntu/workspace/server/getPostsContent.php:10) in /home/ubuntu/workspace/server/getPostsContent.php on line 11
[02-Jan-2018 23:53:42 UTC] PHP Stack trace:
[02-Jan-2018 23:53:42 UTC] PHP   1. {main}() /home/ubuntu/workspace/server/getPostsContent.php:0
[02-Jan-2018 23:53:42 UTC] PHP   2. header() /home/ubuntu/workspace/server/getPostsContent.php:11
[02-Jan-2018 23:53:42 UTC] PHP Warning:  Cannot modify header information - headers already sent by (output started at /home/ubuntu/workspace/server/getPostsContent.php:10) in /home/ubuntu/workspace/server/getPostsContent.php on line 11
[02-Jan-2018 23:53:42 UTC] PHP Stack trace:
[02-Jan-2018 23:53:42 UTC] PHP   1. {main}() /home/ubuntu/workspace/server/getPostsContent.php:0
[02-Jan-2018 23:53:42 UTC] PHP   2. header() /home/ubuntu/workspace/server/getPostsContent.php:11
[02-Jan-2018 23:56:03 UTC] PHP Warning:  Cannot modify header information - headers already sent by (output started at /home/ubuntu/workspace/server/getPostsContent.php:10) in /home/ubuntu/workspace/server/getPostsContent.php on line 11
[02-Jan-2018 23:56:03 UTC] PHP Stack trace:
[02-Jan-2018 23:56:03 UTC] PHP   1. {main}() /home/ubuntu/workspace/server/getPostsContent.php:0
[02-Jan-2018 23:56:03 UTC] PHP   2. header() /home/ubuntu/workspace/server/getPostsContent.php:11
[02-Jan-2018 23:56:03 UTC] PHP Warning:  Cannot modify header information - headers already sent by (output started at /home/ubuntu/workspace/server/getPostsContent.php:10) in /home/ubuntu/workspace/server/getPostsContent.php on line 11
[02-Jan-2018 23:56:03 UTC] PHP Stack trace:
[02-Jan-2018 23:56:03 UTC] PHP   1. {main}() /home/ubuntu/workspace/server/getPostsContent.php:0
[02-Jan-2018 23:56:03 UTC] PHP   2. header() /home/ubuntu/workspace/server/getPostsContent.php:11
[02-Jan-2018 23:56:03 UTC] PHP Warning:  Cannot modify header information - headers already sent by (output started at /home/ubuntu/workspace/server/getPostsContent.php:10) in /home/ubuntu/workspace/server/getPostsContent.php on line 11
[02-Jan-2018 23:56:03 UTC] PHP Stack trace:
[02-Jan-2018 23:56:03 UTC] PHP   1. {main}() /home/ubuntu/workspace/server/getPostsContent.php:0
[02-Jan-2018 23:56:03 UTC] PHP   2. header() /home/ubuntu/workspace/server/getPostsContent.php:11
[02-Jan-2018 23:56:03 UTC] PHP Warning:  Cannot modify header information - headers already sent by (output started at /home/ubuntu/workspace/server/getPostsContent.php:10) in /home/ubuntu/workspace/server/getPostsContent.php on line 11
[02-Jan-2018 23:56:03 UTC] PHP Stack trace:
[02-Jan-2018 23:56:03 UTC] PHP   1. {main}() /home/ubuntu/workspace/server/getPostsContent.php:0
[02-Jan-2018 23:56:03 UTC] PHP   2. header() /home/ubuntu/workspace/server/getPostsContent.php:11
[02-Jan-2018 23:56:03 UTC] PHP Warning:  Cannot modify header information - headers already sent by (output started at /home/ubuntu/workspace/server/getPostsContent.php:10) in /home/ubuntu/workspace/server/getPostsContent.php on line 11
[02-Jan-2018 23:56:03 UTC] PHP Stack trace:
[02-Jan-2018 23:56:03 UTC] PHP   1. {main}() /home/ubuntu/workspace/server/getPostsContent.php:0
[02-Jan-2018 23:56:03 UTC] PHP   2. header() /home/ubuntu/workspace/server/getPostsContent.php:11
[02-Jan-2018 23:56:03 UTC] PHP Warning:  Cannot modify header information - headers already sent by (output started at /home/ubuntu/workspace/server/getPostsContent.php:10) in /home/ubuntu/workspace/server/getPostsContent.php on line 11
[02-Jan-2018 23:56:03 UTC] PHP Stack trace:
[02-Jan-2018 23:56:03 UTC] PHP   1. {main}() /home/ubuntu/workspace/server/getPostsContent.php:0
[02-Jan-2018 23:56:03 UTC] PHP   2. header() /home/ubuntu/workspace/server/getPostsContent.php:11
[02-Jan-2018 23:56:03 UTC] PHP Warning:  Cannot modify header information - headers already sent by (output started at /home/ubuntu/workspace/server/getPostsContent.php:10) in /home/ubuntu/workspace/server/getPostsContent.php on line 11
[02-Jan-2018 23:56:03 UTC] PHP Stack trace:
[02-Jan-2018 23:56:03 UTC] PHP   1. {main}() /home/ubuntu/workspace/server/getPostsContent.php:0
[02-Jan-2018 23:56:03 UTC] PHP   2. header() /home/ubuntu/workspace/server/getPostsContent.php:11
[02-Jan-2018 23:56:03 UTC] PHP Warning:  Cannot modify header information - headers already sent by (output started at /home/ubuntu/workspace/server/getPostsContent.php:10) in /home/ubuntu/workspace/server/getPostsContent.php on line 11
[02-Jan-2018 23:56:03 UTC] PHP Stack trace:
[02-Jan-2018 23:56:03 UTC] PHP   1. {main}() /home/ubuntu/workspace/server/getPostsContent.php:0
[02-Jan-2018 23:56:03 UTC] PHP   2. header() /home/ubuntu/workspace/server/getPostsContent.php:11
[02-Jan-2018 23:56:03 UTC] PHP Warning:  Cannot modify header information - headers already sent by (output started at /home/ubuntu/workspace/server/getPostsContent.php:10) in /home/ubuntu/workspace/server/getPostsContent.php on line 11
[02-Jan-2018 23:56:03 UTC] PHP Stack trace:
[02-Jan-2018 23:56:03 UTC] PHP   1. {main}() /home/ubuntu/workspace/server/getPostsContent.php:0
[02-Jan-2018 23:56:03 UTC] PHP   2. header() /home/ubuntu/workspace/server/getPostsContent.php:11
[02-Jan-2018 23:56:03 UTC] PHP Warning:  Cannot modify header information - headers already sent by (output started at /home/ubuntu/workspace/server/getPostsContent.php:10) in /home/ubuntu/workspace/server/getPostsContent.php on line 11
[02-Jan-2018 23:56:03 UTC] PHP Stack trace:
[02-Jan-2018 23:56:03 UTC] PHP   1. {main}() /home/ubuntu/workspace/server/getPostsContent.php:0
[02-Jan-2018 23:56:03 UTC] PHP   2. header() /home/ubuntu/workspace/server/getPostsContent.php:11
[02-Jan-2018 23:56:03 UTC] PHP Warning:  Cannot modify header information - headers already sent by (output started at /home/ubuntu/workspace/server/getPostsContent.php:10) in /home/ubuntu/workspace/server/getPostsContent.php on line 11
[02-Jan-2018 23:56:03 UTC] PHP Stack trace:
[02-Jan-2018 23:56:03 UTC] PHP   1. {main}() /home/ubuntu/workspace/server/getPostsContent.php:0
[02-Jan-2018 23:56:03 UTC] PHP   2. header() /home/ubuntu/workspace/server/getPostsContent.php:11
[02-Jan-2018 23:56:03 UTC] PHP Warning:  Cannot modify header information - headers already sent by (output started at /home/ubuntu/workspace/server/getPostsContent.php:10) in /home/ubuntu/workspace/server/getPostsContent.php on line 11
[02-Jan-2018 23:56:03 UTC] PHP Stack trace:
[02-Jan-2018 23:56:03 UTC] PHP   1. {main}() /home/ubuntu/workspace/server/getPostsContent.php:0
[02-Jan-2018 23:56:03 UTC] PHP   2. header() /home/ubuntu/workspace/server/getPostsContent.php:11
[02-Jan-2018 23:56:03 UTC] PHP Warning:  Cannot modify header information - headers already sent by (output started at /home/ubuntu/workspace/server/getPostsContent.php:10) in /home/ubuntu/workspace/server/getPostsContent.php on line 11
[02-Jan-2018 23:56:03 UTC] PHP Stack trace:
[02-Jan-2018 23:56:03 UTC] PHP   1. {main}() /home/ubuntu/workspace/server/getPostsContent.php:0
[02-Jan-2018 23:56:03 UTC] PHP   2. header() /home/ubuntu/workspace/server/getPostsContent.php:11
[02-Jan-2018 23:56:03 UTC] PHP Warning:  Cannot modify header information - headers already sent by (output started at /home/ubuntu/workspace/server/getPostsContent.php:10) in /home/ubuntu/workspace/server/getPostsContent.php on line 11
[02-Jan-2018 23:56:03 UTC] PHP Stack trace:
[02-Jan-2018 23:56:03 UTC] PHP   1. {main}() /home/ubuntu/workspace/server/getPostsContent.php:0
[02-Jan-2018 23:56:03 UTC] PHP   2. header() /home/ubuntu/workspace/server/getPostsContent.php:11
[02-Jan-2018 23:56:03 UTC] PHP Warning:  Cannot modify header information - headers already sent by (output started at /home/ubuntu/workspace/server/getPostsContent.php:10) in /home/ubuntu/workspace/server/getPostsContent.php on line 11
[02-Jan-2018 23:56:03 UTC] PHP Stack trace:
[02-Jan-2018 23:56:03 UTC] PHP   1. {main}() /home/ubuntu/workspace/server/getPostsContent.php:0
[02-Jan-2018 23:56:03 UTC] PHP   2. header() /home/ubuntu/workspace/server/getPostsContent.php:11
[02-Jan-2018 23:56:04 UTC] PHP Warning:  Cannot modify header information - headers already sent by (output started at /home/ubuntu/workspace/server/getPostsContent.php:10) in /home/ubuntu/workspace/server/getPostsContent.php on line 11
[02-Jan-2018 23:56:04 UTC] PHP Stack trace:
[02-Jan-2018 23:56:04 UTC] PHP   1. {main}() /home/ubuntu/workspace/server/getPostsContent.php:0
[02-Jan-2018 23:56:04 UTC] PHP   2. header() /home/ubuntu/workspace/server/getPostsContent.php:11
[03-Jan-2018 00:01:52 UTC] PHP Warning:  Cannot modify header information - headers already sent by (output started at /home/ubuntu/workspace/server/getPostsContent.php:10) in /home/ubuntu/workspace/server/getPostsContent.php on line 11
[03-Jan-2018 00:01:52 UTC] PHP Stack trace:
[03-Jan-2018 00:01:52 UTC] PHP   1. {main}() /home/ubuntu/workspace/server/getPostsContent.php:0
[03-Jan-2018 00:01:52 UTC] PHP   2. header() /home/ubuntu/workspace/server/getPostsContent.php:11
[03-Jan-2018 00:01:52 UTC] PHP Warning:  Cannot modify header information - headers already sent by (output started at /home/ubuntu/workspace/server/getPostsContent.php:10) in /home/ubuntu/workspace/server/getPostsContent.php on line 11
[03-Jan-2018 00:01:52 UTC] PHP Stack trace:
[03-Jan-2018 00:01:52 UTC] PHP   1. {main}() /home/ubuntu/workspace/server/getPostsContent.php:0
[03-Jan-2018 00:01:52 UTC] PHP   2. header() /home/ubuntu/workspace/server/getPostsContent.php:11
[03-Jan-2018 00:01:52 UTC] PHP Warning:  Cannot modify header information - headers already sent by (output started at /home/ubuntu/workspace/server/getPostsContent.php:10) in /home/ubuntu/workspace/server/getPostsContent.php on line 11
[03-Jan-2018 00:01:52 UTC] PHP Stack trace:
[03-Jan-2018 00:01:52 UTC] PHP   1. {main}() /home/ubuntu/workspace/server/getPostsContent.php:0
[03-Jan-2018 00:01:52 UTC] PHP   2. header() /home/ubuntu/workspace/server/getPostsContent.php:11
[03-Jan-2018 00:01:52 UTC] PHP Warning:  Cannot modify header information - headers already sent by (output started at /home/ubuntu/workspace/server/getPostsContent.php:10) in /home/ubuntu/workspace/server/getPostsContent.php on line 11
[03-Jan-2018 00:01:52 UTC] PHP Stack trace:
[03-Jan-2018 00:01:52 UTC] PHP   1. {main}() /home/ubuntu/workspace/server/getPostsContent.php:0
[03-Jan-2018 00:01:52 UTC] PHP   2. header() /home/ubuntu/workspace/server/getPostsContent.php:11
[03-Jan-2018 00:01:52 UTC] PHP Warning:  Cannot modify header information - headers already sent by (output started at /home/ubuntu/workspace/server/getPostsContent.php:10) in /home/ubuntu/workspace/server/getPostsContent.php on line 11
[03-Jan-2018 00:01:52 UTC] PHP Stack trace:
[03-Jan-2018 00:01:52 UTC] PHP   1. {main}() /home/ubuntu/workspace/server/getPostsContent.php:0
[03-Jan-2018 00:01:52 UTC] PHP   2. header() /home/ubuntu/workspace/server/getPostsContent.php:11
[03-Jan-2018 00:01:52 UTC] PHP Warning:  Cannot modify header information - headers already sent by (output started at /home/ubuntu/workspace/server/getPostsContent.php:10) in /home/ubuntu/workspace/server/getPostsContent.php on line 11
[03-Jan-2018 00:01:52 UTC] PHP Stack trace:
[03-Jan-2018 00:01:52 UTC] PHP   1. {main}() /home/ubuntu/workspace/server/getPostsContent.php:0
[03-Jan-2018 00:01:52 UTC] PHP   2. header() /home/ubuntu/workspace/server/getPostsContent.php:11
[03-Jan-2018 00:01:52 UTC] PHP Warning:  Cannot modify header information - headers already sent by (output started at /home/ubuntu/workspace/server/getPostsContent.php:10) in /home/ubuntu/workspace/server/getPostsContent.php on line 11
[03-Jan-2018 00:01:52 UTC] PHP Stack trace:
[03-Jan-2018 00:01:52 UTC] PHP   1. {main}() /home/ubuntu/workspace/server/getPostsContent.php:0
[03-Jan-2018 00:01:52 UTC] PHP   2. header() /home/ubuntu/workspace/server/getPostsContent.php:11
[03-Jan-2018 00:01:52 UTC] PHP Warning:  Cannot modify header information - headers already sent by (output started at /home/ubuntu/workspace/server/getPostsContent.php:10) in /home/ubuntu/workspace/server/getPostsContent.php on line 11
[03-Jan-2018 00:01:52 UTC] PHP Stack trace:
[03-Jan-2018 00:01:52 UTC] PHP   1. {main}() /home/ubuntu/workspace/server/getPostsContent.php:0
[03-Jan-2018 00:01:52 UTC] PHP   2. header() /home/ubuntu/workspace/server/getPostsContent.php:11
[03-Jan-2018 00:01:52 UTC] PHP Warning:  Cannot modify header information - headers already sent by (output started at /home/ubuntu/workspace/server/getPostsContent.php:10) in /home/ubuntu/workspace/server/getPostsContent.php on line 11
[03-Jan-2018 00:01:52 UTC] PHP Warning:  Cannot modify header information - headers already sent by (output started at /home/ubuntu/workspace/server/getPostsContent.php:10) in /home/ubuntu/workspace/server/getPostsContent.php on line 11
[03-Jan-2018 00:01:52 UTC] PHP Warning:  Cannot modify header information - headers already sent by (output started at /home/ubuntu/workspace/server/getPostsContent.php:10) in /home/ubuntu/workspace/server/getPostsContent.php on line 11
[03-Jan-2018 00:01:52 UTC] PHP Stack trace:
[03-Jan-2018 00:01:52 UTC] PHP Stack trace:
[03-Jan-2018 00:01:52 UTC] PHP Stack trace:
[03-Jan-2018 00:01:52 UTC] PHP   1. {main}() /home/ubuntu/workspace/server/getPostsContent.php:0
[03-Jan-2018 00:01:52 UTC] PHP   1. {main}() /home/ubuntu/workspace/server/getPostsContent.php:0
[03-Jan-2018 00:01:52 UTC] PHP   1. {main}() /home/ubuntu/workspace/server/getPostsContent.php:0
[03-Jan-2018 00:01:52 UTC] PHP   2. header() /home/ubuntu/workspace/server/getPostsContent.php:11
[03-Jan-2018 00:01:52 UTC] PHP   2. header() /home/ubuntu/workspace/server/getPostsContent.php:11
[03-Jan-2018 00:01:52 UTC] PHP   2. header() /home/ubuntu/workspace/server/getPostsContent.php:11
[03-Jan-2018 00:01:52 UTC] PHP Warning:  Cannot modify header information - headers already sent by (output started at /home/ubuntu/workspace/server/getPostsContent.php:10) in /home/ubuntu/workspace/server/getPostsContent.php on line 11
[03-Jan-2018 00:01:52 UTC] PHP Stack trace:
[03-Jan-2018 00:01:52 UTC] PHP   1. {main}() /home/ubuntu/workspace/server/getPostsContent.php:0
[03-Jan-2018 00:01:52 UTC] PHP   2. header() /home/ubuntu/workspace/server/getPostsContent.php:11
[03-Jan-2018 00:01:52 UTC] PHP Warning:  Cannot modify header information - headers already sent by (output started at /home/ubuntu/workspace/server/getPostsContent.php:10) in /home/ubuntu/workspace/server/getPostsContent.php on line 11
[03-Jan-2018 00:01:52 UTC] PHP Stack trace:
[03-Jan-2018 00:01:52 UTC] PHP   1. {main}() /home/ubuntu/workspace/server/getPostsContent.php:0
[03-Jan-2018 00:01:52 UTC] PHP   2. header() /home/ubuntu/workspace/server/getPostsContent.php:11
[03-Jan-2018 00:01:52 UTC] PHP Warning:  Cannot modify header information - headers already sent by (output started at /home/ubuntu/workspace/server/getPostsContent.php:10) in /home/ubuntu/workspace/server/getPostsContent.php on line 11
[03-Jan-2018 00:01:52 UTC] PHP Stack trace:
[03-Jan-2018 00:01:52 UTC] PHP   1. {main}() /home/ubuntu/workspace/server/getPostsContent.php:0
[03-Jan-2018 00:01:52 UTC] PHP   2. header() /home/ubuntu/workspace/server/getPostsContent.php:11
[03-Jan-2018 00:01:52 UTC] PHP Warning:  Cannot modify header information - headers already sent by (output started at /home/ubuntu/workspace/server/getPostsContent.php:10) in /home/ubuntu/workspace/server/getPostsContent.php on line 11
[03-Jan-2018 00:01:52 UTC] PHP Stack trace:
[03-Jan-2018 00:01:52 UTC] PHP   1. {main}() /home/ubuntu/workspace/server/getPostsContent.php:0
[03-Jan-2018 00:01:52 UTC] PHP   2. header() /home/ubuntu/workspace/server/getPostsContent.php:11
[03-Jan-2018 00:01:53 UTC] PHP Warning:  Cannot modify header information - headers already sent by (output started at /home/ubuntu/workspace/server/getPostsContent.php:10) in /home/ubuntu/workspace/server/getPostsContent.php on line 11
[03-Jan-2018 00:01:53 UTC] PHP Stack trace:
[03-Jan-2018 00:01:53 UTC] PHP   1. {main}() /home/ubuntu/workspace/server/getPostsContent.php:0
[03-Jan-2018 00:01:53 UTC] PHP   2. header() /home/ubuntu/workspace/server/getPostsContent.php:11
[03-Jan-2018 00:02:46 UTC] PHP Warning:  Cannot modify header information - headers already sent by (output started at /home/ubuntu/workspace/server/getPostsContent.php:10) in /home/ubuntu/workspace/server/getPostsContent.php on line 11
[03-Jan-2018 00:02:46 UTC] PHP Stack trace:
[03-Jan-2018 00:02:46 UTC] PHP   1. {main}() /home/ubuntu/workspace/server/getPostsContent.php:0
[03-Jan-2018 00:02:46 UTC] PHP   2. header() /home/ubuntu/workspace/server/getPostsContent.php:11
[03-Jan-2018 00:02:46 UTC] PHP Warning:  Cannot modify header information - headers already sent by (output started at /home/ubuntu/workspace/server/getPostsContent.php:10) in /home/ubuntu/workspace/server/getPostsContent.php on line 11
[03-Jan-2018 00:02:46 UTC] PHP Stack trace:
[03-Jan-2018 00:02:46 UTC] PHP   1. {main}() /home/ubuntu/workspace/server/getPostsContent.php:0
[03-Jan-2018 00:02:46 UTC] PHP   2. header() /home/ubuntu/workspace/server/getPostsContent.php:11
[03-Jan-2018 00:02:46 UTC] PHP Warning:  Cannot modify header information - headers already sent by (output started at /home/ubuntu/workspace/server/getPostsContent.php:10) in /home/ubuntu/workspace/server/getPostsContent.php on line 11
[03-Jan-2018 00:02:46 UTC] PHP Warning:  Cannot modify header information - headers already sent by (output started at /home/ubuntu/workspace/server/getPostsContent.php:10) in /home/ubuntu/workspace/server/getPostsContent.php on line 11
[03-Jan-2018 00:02:46 UTC] PHP Warning:  Cannot modify header information - headers already sent by (output started at /home/ubuntu/workspace/server/getPostsContent.php:10) in /home/ubuntu/workspace/server/getPostsContent.php on line 11
[03-Jan-2018 00:02:46 UTC] PHP Stack trace:
[03-Jan-2018 00:02:46 UTC] PHP Stack trace:
[03-Jan-2018 00:02:46 UTC] PHP   1. {main}() /home/ubuntu/workspace/server/getPostsContent.php:0
[03-Jan-2018 00:02:46 UTC] PHP Stack trace:
[03-Jan-2018 00:02:46 UTC] PHP   1. {main}() /home/ubuntu/workspace/server/getPostsContent.php:0
[03-Jan-2018 00:02:46 UTC] PHP   1. {main}() /home/ubuntu/workspace/server/getPostsContent.php:0
[03-Jan-2018 00:02:46 UTC] PHP   2. header() /home/ubuntu/workspace/server/getPostsContent.php:11
[03-Jan-2018 00:02:46 UTC] PHP   2. header() /home/ubuntu/workspace/server/getPostsContent.php:11
[03-Jan-2018 00:02:46 UTC] PHP   2. header() /home/ubuntu/workspace/server/getPostsContent.php:11
[03-Jan-2018 00:02:46 UTC] PHP Warning:  Cannot modify header information - headers already sent by (output started at /home/ubuntu/workspace/server/getPostsContent.php:10) in /home/ubuntu/workspace/server/getPostsContent.php on line 11
[03-Jan-2018 00:02:46 UTC] PHP Stack trace:
[03-Jan-2018 00:02:46 UTC] PHP   1. {main}() /home/ubuntu/workspace/server/getPostsContent.php:0
[03-Jan-2018 00:02:46 UTC] PHP   2. header() /home/ubuntu/workspace/server/getPostsContent.php:11
[03-Jan-2018 00:02:46 UTC] PHP Warning:  Cannot modify header information - headers already sent by (output started at /home/ubuntu/workspace/server/getPostsContent.php:10) in /home/ubuntu/workspace/server/getPostsContent.php on line 11
[03-Jan-2018 00:02:46 UTC] PHP Stack trace:
[03-Jan-2018 00:02:46 UTC] PHP   1. {main}() /home/ubuntu/workspace/server/getPostsContent.php:0
[03-Jan-2018 00:02:46 UTC] PHP   2. header() /home/ubuntu/workspace/server/getPostsContent.php:11
[03-Jan-2018 00:02:46 UTC] PHP Warning:  Cannot modify header information - headers already sent by (output started at /home/ubuntu/workspace/server/getPostsContent.php:10) in /home/ubuntu/workspace/server/getPostsContent.php on line 11
[03-Jan-2018 00:02:46 UTC] PHP Stack trace:
[03-Jan-2018 00:02:46 UTC] PHP   1. {main}() /home/ubuntu/workspace/server/getPostsContent.php:0
[03-Jan-2018 00:02:46 UTC] PHP Warning:  Cannot modify header information - headers already sent by (output started at /home/ubuntu/workspace/server/getPostsContent.php:10) in /home/ubuntu/workspace/server/getPostsContent.php on line 11
[03-Jan-2018 00:02:46 UTC] PHP Stack trace:
[03-Jan-2018 00:02:46 UTC] PHP   2. header() /home/ubuntu/workspace/server/getPostsContent.php:11
[03-Jan-2018 00:02:46 UTC] PHP   1. {main}() /home/ubuntu/workspace/server/getPostsContent.php:0
[03-Jan-2018 00:02:46 UTC] PHP   2. header() /home/ubuntu/workspace/server/getPostsContent.php:11
[03-Jan-2018 00:02:46 UTC] PHP Warning:  Cannot modify header information - headers already sent by (output started at /home/ubuntu/workspace/server/getPostsContent.php:10) in /home/ubuntu/workspace/server/getPostsContent.php on line 11
[03-Jan-2018 00:02:46 UTC] PHP Stack trace:
[03-Jan-2018 00:02:46 UTC] PHP   1. {main}() /home/ubuntu/workspace/server/getPostsContent.php:0
[03-Jan-2018 00:02:46 UTC] PHP   2. header() /home/ubuntu/workspace/server/getPostsContent.php:11
[03-Jan-2018 00:02:46 UTC] PHP Warning:  Cannot modify header information - headers already sent by (output started at /home/ubuntu/workspace/server/getPostsContent.php:10) in /home/ubuntu/workspace/server/getPostsContent.php on line 11
[03-Jan-2018 00:02:46 UTC] PHP Stack trace:
[03-Jan-2018 00:02:46 UTC] PHP   1. {main}() /home/ubuntu/workspace/server/getPostsContent.php:0
[03-Jan-2018 00:02:46 UTC] PHP   2. header() /home/ubuntu/workspace/server/getPostsContent.php:11
[03-Jan-2018 00:02:46 UTC] PHP Warning:  Cannot modify header information - headers already sent by (output started at /home/ubuntu/workspace/server/getPostsContent.php:10) in /home/ubuntu/workspace/server/getPostsContent.php on line 11
[03-Jan-2018 00:02:46 UTC] PHP Stack trace:
[03-Jan-2018 00:02:46 UTC] PHP   1. {main}() /home/ubuntu/workspace/server/getPostsContent.php:0
[03-Jan-2018 00:02:46 UTC] PHP   2. header() /home/ubuntu/workspace/server/getPostsContent.php:11
[03-Jan-2018 00:02:46 UTC] PHP Warning:  Cannot modify header information - headers already sent by (output started at /home/ubuntu/workspace/server/getPostsContent.php:10) in /home/ubuntu/workspace/server/getPostsContent.php on line 11
[03-Jan-2018 00:02:46 UTC] PHP Stack trace:
[03-Jan-2018 00:02:46 UTC] PHP   1. {main}() /home/ubuntu/workspace/server/getPostsContent.php:0
[03-Jan-2018 00:02:46 UTC] PHP   2. header() /home/ubuntu/workspace/server/getPostsContent.php:11
[03-Jan-2018 00:02:46 UTC] PHP Warning:  Cannot modify header information - headers already sent by (output started at /home/ubuntu/workspace/server/getPostsContent.php:10) in /home/ubuntu/workspace/server/getPostsContent.php on line 11
[03-Jan-2018 00:02:46 UTC] PHP Stack trace:
[03-Jan-2018 00:02:46 UTC] PHP   1. {main}() /home/ubuntu/workspace/server/getPostsContent.php:0
[03-Jan-2018 00:02:46 UTC] PHP   2. header() /home/ubuntu/workspace/server/getPostsContent.php:11
[03-Jan-2018 00:02:46 UTC] PHP Warning:  Cannot modify header information - headers already sent by (output started at /home/ubuntu/workspace/server/getPostsContent.php:10) in /home/ubuntu/workspace/server/getPostsContent.php on line 11
[03-Jan-2018 00:02:46 UTC] PHP Stack trace:
[03-Jan-2018 00:02:46 UTC] PHP   1. {main}() /home/ubuntu/workspace/server/getPostsContent.php:0
[03-Jan-2018 00:02:46 UTC] PHP   2. header() /home/ubuntu/workspace/server/getPostsContent.php:11
[03-Jan-2018 00:02:46 UTC] PHP Warning:  Cannot modify header information - headers already sent by (output started at /home/ubuntu/workspace/server/getPostsContent.php:10) in /home/ubuntu/workspace/server/getPostsContent.php on line 11
[03-Jan-2018 00:02:46 UTC] PHP Stack trace:
[03-Jan-2018 00:02:46 UTC] PHP   1. {main}() /home/ubuntu/workspace/server/getPostsContent.php:0
[03-Jan-2018 00:02:46 UTC] PHP   2. header() /home/ubuntu/workspace/server/getPostsContent.php:11
[03-Jan-2018 00:04:33 UTC] PHP Warning:  Cannot modify header information - headers already sent by (output started at /home/ubuntu/workspace/server/getPostsContent.php:10) in /home/ubuntu/workspace/server/getPostsContent.php on line 11
[03-Jan-2018 00:04:33 UTC] PHP Stack trace:
[03-Jan-2018 00:04:33 UTC] PHP   1. {main}() /home/ubuntu/workspace/server/getPostsContent.php:0
[03-Jan-2018 00:04:33 UTC] PHP   2. header() /home/ubuntu/workspace/server/getPostsContent.php:11
[03-Jan-2018 00:04:34 UTC] PHP Warning:  Cannot modify header information - headers already sent by (output started at /home/ubuntu/workspace/server/getPostsContent.php:10) in /home/ubuntu/workspace/server/getPostsContent.php on line 11
[03-Jan-2018 00:04:34 UTC] PHP Stack trace:
[03-Jan-2018 00:04:34 UTC] PHP   1. {main}() /home/ubuntu/workspace/server/getPostsContent.php:0
[03-Jan-2018 00:04:34 UTC] PHP   2. header() /home/ubuntu/workspace/server/getPostsContent.php:11
[03-Jan-2018 00:04:34 UTC] PHP Warning:  Cannot modify header information - headers already sent by (output started at /home/ubuntu/workspace/server/getPostsContent.php:10) in /home/ubuntu/workspace/server/getPostsContent.php on line 11
[03-Jan-2018 00:04:34 UTC] PHP Stack trace:
[03-Jan-2018 00:04:34 UTC] PHP   1. {main}() /home/ubuntu/workspace/server/getPostsContent.php:0
[03-Jan-2018 00:04:34 UTC] PHP   2. header() /home/ubuntu/workspace/server/getPostsContent.php:11
[03-Jan-2018 00:04:34 UTC] PHP Warning:  Cannot modify header information - headers already sent by (output started at /home/ubuntu/workspace/server/getPostsContent.php:10) in /home/ubuntu/workspace/server/getPostsContent.php on line 11
[03-Jan-2018 00:04:34 UTC] PHP Stack trace:
[03-Jan-2018 00:04:34 UTC] PHP   1. {main}() /home/ubuntu/workspace/server/getPostsContent.php:0
[03-Jan-2018 00:04:34 UTC] PHP   2. header() /home/ubuntu/workspace/server/getPostsContent.php:11
[03-Jan-2018 00:04:34 UTC] PHP Warning:  Cannot modify header information - headers already sent by (output started at /home/ubuntu/workspace/server/getPostsContent.php:10) in /home/ubuntu/workspace/server/getPostsContent.php on line 11
[03-Jan-2018 00:04:34 UTC] PHP Stack trace:
[03-Jan-2018 00:04:34 UTC] PHP   1. {main}() /home/ubuntu/workspace/server/getPostsContent.php:0
[03-Jan-2018 00:04:34 UTC] PHP   2. header() /home/ubuntu/workspace/server/getPostsContent.php:11
[03-Jan-2018 00:04:34 UTC] PHP Warning:  Cannot modify header information - headers already sent by (output started at /home/ubuntu/workspace/server/getPostsContent.php:10) in /home/ubuntu/workspace/server/getPostsContent.php on line 11
[03-Jan-2018 00:04:34 UTC] PHP Stack trace:
[03-Jan-2018 00:04:34 UTC] PHP   1. {main}() /home/ubuntu/workspace/server/getPostsContent.php:0
[03-Jan-2018 00:04:34 UTC] PHP   2. header() /home/ubuntu/workspace/server/getPostsContent.php:11
[03-Jan-2018 00:04:34 UTC] PHP Warning:  Cannot modify header information - headers already sent by (output started at /home/ubuntu/workspace/server/getPostsContent.php:10) in /home/ubuntu/workspace/server/getPostsContent.php on line 11
[03-Jan-2018 00:04:34 UTC] PHP Stack trace:
[03-Jan-2018 00:04:34 UTC] PHP   1. {main}() /home/ubuntu/workspace/server/getPostsContent.php:0
[03-Jan-2018 00:04:34 UTC] PHP   2. header() /home/ubuntu/workspace/server/getPostsContent.php:11
[03-Jan-2018 00:04:34 UTC] PHP Warning:  Cannot modify header information - headers already sent by (output started at /home/ubuntu/workspace/server/getPostsContent.php:10) in /home/ubuntu/workspace/server/getPostsContent.php on line 11
[03-Jan-2018 00:04:34 UTC] PHP Stack trace:
[03-Jan-2018 00:04:34 UTC] PHP   1. {main}() /home/ubuntu/workspace/server/getPostsContent.php:0
[03-Jan-2018 00:04:34 UTC] PHP   2. header() /home/ubuntu/workspace/server/getPostsContent.php:11
[03-Jan-2018 00:04:34 UTC] PHP Warning:  Cannot modify header information - headers already sent by (output started at /home/ubuntu/workspace/server/getPostsContent.php:10) in /home/ubuntu/workspace/server/getPostsContent.php on line 11
[03-Jan-2018 00:04:34 UTC] PHP Stack trace:
[03-Jan-2018 00:04:34 UTC] PHP   1. {main}() /home/ubuntu/workspace/server/getPostsContent.php:0
[03-Jan-2018 00:04:34 UTC] PHP   2. header() /home/ubuntu/workspace/server/getPostsContent.php:11
[03-Jan-2018 00:04:34 UTC] PHP Warning:  Cannot modify header information - headers already sent by (output started at /home/ubuntu/workspace/server/getPostsContent.php:10) in /home/ubuntu/workspace/server/getPostsContent.php on line 11
[03-Jan-2018 00:04:34 UTC] PHP Stack trace:
[03-Jan-2018 00:04:34 UTC] PHP   1. {main}() /home/ubuntu/workspace/server/getPostsContent.php:0
[03-Jan-2018 00:04:34 UTC] PHP   2. header() /home/ubuntu/workspace/server/getPostsContent.php:11
[03-Jan-2018 00:04:34 UTC] PHP Warning:  Cannot modify header information - headers already sent by (output started at /home/ubuntu/workspace/server/getPostsContent.php:10) in /home/ubuntu/workspace/server/getPostsContent.php on line 11
[03-Jan-2018 00:04:34 UTC] PHP Stack trace:
[03-Jan-2018 00:04:34 UTC] PHP   1. {main}() /home/ubuntu/workspace/server/getPostsContent.php:0
[03-Jan-2018 00:04:34 UTC] PHP   2. header() /home/ubuntu/workspace/server/getPostsContent.php:11
[03-Jan-2018 00:04:34 UTC] PHP Warning:  Cannot modify header information - headers already sent by (output started at /home/ubuntu/workspace/server/getPostsContent.php:10) in /home/ubuntu/workspace/server/getPostsContent.php on line 11
[03-Jan-2018 00:04:34 UTC] PHP Stack trace:
[03-Jan-2018 00:04:34 UTC] PHP   1. {main}() /home/ubuntu/workspace/server/getPostsContent.php:0
[03-Jan-2018 00:04:34 UTC] PHP   2. header() /home/ubuntu/workspace/server/getPostsContent.php:11
[03-Jan-2018 00:04:34 UTC] PHP Warning:  Cannot modify header information - headers already sent by (output started at /home/ubuntu/workspace/server/getPostsContent.php:10) in /home/ubuntu/workspace/server/getPostsContent.php on line 11
[03-Jan-2018 00:04:34 UTC] PHP Stack trace:
[03-Jan-2018 00:04:34 UTC] PHP   1. {main}() /home/ubuntu/workspace/server/getPostsContent.php:0
[03-Jan-2018 00:04:34 UTC] PHP   2. header() /home/ubuntu/workspace/server/getPostsContent.php:11
[03-Jan-2018 00:04:34 UTC] PHP Warning:  Cannot modify header information - headers already sent by (output started at /home/ubuntu/workspace/server/getPostsContent.php:10) in /home/ubuntu/workspace/server/getPostsContent.php on line 11
[03-Jan-2018 00:04:34 UTC] PHP Stack trace:
[03-Jan-2018 00:04:34 UTC] PHP   1. {main}() /home/ubuntu/workspace/server/getPostsContent.php:0
[03-Jan-2018 00:04:34 UTC] PHP   2. header() /home/ubuntu/workspace/server/getPostsContent.php:11
[03-Jan-2018 00:04:34 UTC] PHP Warning:  Cannot modify header information - headers already sent by (output started at /home/ubuntu/workspace/server/getPostsContent.php:10) in /home/ubuntu/workspace/server/getPostsContent.php on line 11
[03-Jan-2018 00:04:34 UTC] PHP Stack trace:
[03-Jan-2018 00:04:34 UTC] PHP   1. {main}() /home/ubuntu/workspace/server/getPostsContent.php:0
[03-Jan-2018 00:04:34 UTC] PHP   2. header() /home/ubuntu/workspace/server/getPostsContent.php:11
[03-Jan-2018 00:04:34 UTC] PHP Warning:  Cannot modify header information - headers already sent by (output started at /home/ubuntu/workspace/server/getPostsContent.php:10) in /home/ubuntu/workspace/server/getPostsContent.php on line 11
[03-Jan-2018 00:04:34 UTC] PHP Stack trace:
[03-Jan-2018 00:04:34 UTC] PHP   1. {main}() /home/ubuntu/workspace/server/getPostsContent.php:0
[03-Jan-2018 00:04:34 UTC] PHP   2. header() /home/ubuntu/workspace/server/getPostsContent.php:11
