[16-Sep-2017 19:27:06 UTC] PHP Warning:  include(/server/session.php): failed to open stream: No such file or directory in /home/ubuntu/workspace/client/client/views/welcome.php on line 2
[16-Sep-2017 19:27:06 UTC] PHP Stack trace:
[16-Sep-2017 19:27:06 UTC] PHP   1. {main}() /home/ubuntu/workspace/client/client/views/welcome.php:0
[16-Sep-2017 19:27:06 UTC] PHP Warning:  include(): Failed opening '/server/session.php' for inclusion (include_path='.:/usr/share/php:/usr/share/pear') in /home/ubuntu/workspace/client/client/views/welcome.php on line 2
[16-Sep-2017 19:27:06 UTC] PHP Stack trace:
[16-Sep-2017 19:27:06 UTC] PHP   1. {main}() /home/ubuntu/workspace/client/client/views/welcome.php:0
[16-Sep-2017 19:27:38 UTC] PHP Warning:  include(session.php): failed to open stream: No such file or directory in /home/ubuntu/workspace/client/client/views/welcome.php on line 2
[16-Sep-2017 19:27:38 UTC] PHP Stack trace:
[16-Sep-2017 19:27:38 UTC] PHP   1. {main}() /home/ubuntu/workspace/client/client/views/welcome.php:0
[16-Sep-2017 19:27:38 UTC] PHP Warning:  include(): Failed opening 'session.php' for inclusion (include_path='.:/usr/share/php:/usr/share/pear') in /home/ubuntu/workspace/client/client/views/welcome.php on line 2
[16-Sep-2017 19:27:38 UTC] PHP Stack trace:
[16-Sep-2017 19:27:38 UTC] PHP   1. {main}() /home/ubuntu/workspace/client/client/views/welcome.php:0
[16-Sep-2017 19:28:03 UTC] PHP Warning:  include(session.php): failed to open stream: No such file or directory in /home/ubuntu/workspace/client/client/views/welcome.php on line 2
[16-Sep-2017 19:28:03 UTC] PHP Stack trace:
[16-Sep-2017 19:28:03 UTC] PHP   1. {main}() /home/ubuntu/workspace/client/client/views/welcome.php:0
[16-Sep-2017 19:28:03 UTC] PHP Warning:  include(): Failed opening 'session.php' for inclusion (include_path='.:/usr/share/php:/usr/share/pear') in /home/ubuntu/workspace/client/client/views/welcome.php on line 2
[16-Sep-2017 19:28:03 UTC] PHP Stack trace:
[16-Sep-2017 19:28:03 UTC] PHP   1. {main}() /home/ubuntu/workspace/client/client/views/welcome.php:0
[16-Sep-2017 19:29:50 UTC] PHP Warning:  include(/server/session.php): failed to open stream: No such file or directory in /home/ubuntu/workspace/client/client/views/welcome.php on line 2
[16-Sep-2017 19:29:50 UTC] PHP Stack trace:
[16-Sep-2017 19:29:50 UTC] PHP   1. {main}() /home/ubuntu/workspace/client/client/views/welcome.php:0
[16-Sep-2017 19:29:50 UTC] PHP Warning:  include(): Failed opening '/server/session.php' for inclusion (include_path='.:/usr/share/php:/usr/share/pear') in /home/ubuntu/workspace/client/client/views/welcome.php on line 2
[16-Sep-2017 19:29:50 UTC] PHP Stack trace:
[16-Sep-2017 19:29:50 UTC] PHP   1. {main}() /home/ubuntu/workspace/client/client/views/welcome.php:0
[16-Sep-2017 19:29:56 UTC] PHP Warning:  include(/server/session.php): failed to open stream: No such file or directory in /home/ubuntu/workspace/client/client/views/welcome.php on line 2
[16-Sep-2017 19:29:56 UTC] PHP Stack trace:
[16-Sep-2017 19:29:56 UTC] PHP   1. {main}() /home/ubuntu/workspace/client/client/views/welcome.php:0
[16-Sep-2017 19:29:56 UTC] PHP Warning:  include(): Failed opening '/server/session.php' for inclusion (include_path='.:/usr/share/php:/usr/share/pear') in /home/ubuntu/workspace/client/client/views/welcome.php on line 2
[16-Sep-2017 19:29:56 UTC] PHP Stack trace:
[16-Sep-2017 19:29:56 UTC] PHP   1. {main}() /home/ubuntu/workspace/client/client/views/welcome.php:0
[16-Sep-2017 19:31:52 UTC] PHP Warning:  include(//server/session.php): failed to open stream: No such file or directory in /home/ubuntu/workspace/client/client/views/welcome.php on line 2
[16-Sep-2017 19:31:52 UTC] PHP Stack trace:
[16-Sep-2017 19:31:52 UTC] PHP   1. {main}() /home/ubuntu/workspace/client/client/views/welcome.php:0
[16-Sep-2017 19:31:52 UTC] PHP Warning:  include(): Failed opening '//server/session.php' for inclusion (include_path='.:/usr/share/php:/usr/share/pear') in /home/ubuntu/workspace/client/client/views/welcome.php on line 2
[16-Sep-2017 19:31:52 UTC] PHP Stack trace:
[16-Sep-2017 19:31:52 UTC] PHP   1. {main}() /home/ubuntu/workspace/client/client/views/welcome.php:0
[16-Sep-2017 19:36:03 UTC] PHP Warning:  include(//server/session.php): failed to open stream: No such file or directory in /home/ubuntu/workspace/client/client/views/welcome.php on line 2
[16-Sep-2017 19:36:03 UTC] PHP Stack trace:
[16-Sep-2017 19:36:03 UTC] PHP   1. {main}() /home/ubuntu/workspace/client/client/views/welcome.php:0
[16-Sep-2017 19:36:03 UTC] PHP Warning:  include(): Failed opening '//server/session.php' for inclusion (include_path='.:/usr/share/php:/usr/share/pear') in /home/ubuntu/workspace/client/client/views/welcome.php on line 2
[16-Sep-2017 19:36:03 UTC] PHP Stack trace:
[16-Sep-2017 19:36:03 UTC] PHP   1. {main}() /home/ubuntu/workspace/client/client/views/welcome.php:0
[17-Sep-2017 17:49:44 UTC] PHP Fatal error:  Call to undefined function session_register() in /home/ubuntu/workspace/client/client/views/login.php on line 21
[17-Sep-2017 17:49:44 UTC] PHP Stack trace:
[17-Sep-2017 17:49:44 UTC] PHP   1. {main}() /home/ubuntu/workspace/client/client/views/login.php:0
[17-Sep-2017 17:51:51 UTC] PHP Fatal error:  Call to undefined function session_register() in /home/ubuntu/workspace/client/client/views/login.php on line 21
[17-Sep-2017 17:51:51 UTC] PHP Stack trace:
[17-Sep-2017 17:51:51 UTC] PHP   1. {main}() /home/ubuntu/workspace/client/client/views/login.php:0
[17-Sep-2017 17:53:03 UTC] PHP Fatal error:  Call to undefined function session_register() in /home/ubuntu/workspace/client/client/views/login.php on line 21
[17-Sep-2017 17:53:03 UTC] PHP Stack trace:
[17-Sep-2017 17:53:03 UTC] PHP   1. {main}() /home/ubuntu/workspace/client/client/views/login.php:0
[17-Sep-2017 18:02:40 UTC] PHP Fatal error:  Call to undefined function session_register() in /home/ubuntu/workspace/client/client/views/login.php on line 21
[17-Sep-2017 18:02:40 UTC] PHP Stack trace:
[17-Sep-2017 18:02:40 UTC] PHP   1. {main}() /home/ubuntu/workspace/client/client/views/login.php:0
[17-Sep-2017 18:03:22 UTC] PHP Fatal error:  Call to undefined function session_register() in /home/ubuntu/workspace/client/client/views/login.php on line 21
[17-Sep-2017 18:03:22 UTC] PHP Stack trace:
[17-Sep-2017 18:03:22 UTC] PHP   1. {main}() /home/ubuntu/workspace/client/client/views/login.php:0
[17-Sep-2017 18:05:13 UTC] PHP Fatal error:  Call to undefined function session_register() in /home/ubuntu/workspace/client/client/views/login.php on line 21
[17-Sep-2017 18:05:13 UTC] PHP Stack trace:
[17-Sep-2017 18:05:13 UTC] PHP   1. {main}() /home/ubuntu/workspace/client/client/views/login.php:0
[17-Sep-2017 18:07:31 UTC] PHP Fatal error:  Call to undefined function session_register() in /home/ubuntu/workspace/client/client/views/login.php on line 21
[17-Sep-2017 18:07:31 UTC] PHP Stack trace:
[17-Sep-2017 18:07:31 UTC] PHP   1. {main}() /home/ubuntu/workspace/client/client/views/login.php:0
[20-Sep-2017 00:41:08 UTC] PHP Warning:  password_hash() expects parameter 3 to be array, null given in /home/ubuntu/workspace/client/client/views/hash.php on line 6
[20-Sep-2017 00:41:08 UTC] PHP Stack trace:
[20-Sep-2017 00:41:08 UTC] PHP   1. {main}() /home/ubuntu/workspace/client/client/views/login.php:0
[20-Sep-2017 00:41:08 UTC] PHP   2. hashString($string = *uninitialized*) /home/ubuntu/workspace/client/client/views/login.php:47
[20-Sep-2017 00:41:08 UTC] PHP   3. password_hash(*uninitialized*, *uninitialized*, *uninitialized*) /home/ubuntu/workspace/client/client/views/hash.php:6
[20-Sep-2017 00:42:30 UTC] PHP Warning:  password_hash() expects parameter 3 to be array, null given in /home/ubuntu/workspace/client/client/views/hash.php on line 6
[20-Sep-2017 00:42:30 UTC] PHP Stack trace:
[20-Sep-2017 00:42:30 UTC] PHP   1. {main}() /home/ubuntu/workspace/client/client/views/login.php:0
[20-Sep-2017 00:42:30 UTC] PHP   2. hashString($string = *uninitialized*) /home/ubuntu/workspace/client/client/views/login.php:47
[20-Sep-2017 00:42:30 UTC] PHP   3. password_hash(*uninitialized*, *uninitialized*, *uninitialized*) /home/ubuntu/workspace/client/client/views/hash.php:6
[20-Sep-2017 00:42:38 UTC] PHP Warning:  password_hash() expects parameter 3 to be array, null given in /home/ubuntu/workspace/client/client/views/hash.php on line 6
[20-Sep-2017 00:42:38 UTC] PHP Stack trace:
[20-Sep-2017 00:42:38 UTC] PHP   1. {main}() /home/ubuntu/workspace/client/client/views/login.php:0
[20-Sep-2017 00:42:38 UTC] PHP   2. hashString($string = *uninitialized*) /home/ubuntu/workspace/client/client/views/login.php:47
[20-Sep-2017 00:42:38 UTC] PHP   3. password_hash(*uninitialized*, *uninitialized*, *uninitialized*) /home/ubuntu/workspace/client/client/views/hash.php:6
[20-Sep-2017 00:44:45 UTC] PHP Warning:  password_hash() expects parameter 3 to be array, null given in /home/ubuntu/workspace/client/client/views/hash.php on line 6
[20-Sep-2017 00:44:45 UTC] PHP Stack trace:
[20-Sep-2017 00:44:45 UTC] PHP   1. {main}() /home/ubuntu/workspace/client/client/views/login.php:0
[20-Sep-2017 00:44:45 UTC] PHP   2. hashString($string = *uninitialized*) /home/ubuntu/workspace/client/client/views/login.php:47
[20-Sep-2017 00:44:45 UTC] PHP   3. password_hash(*uninitialized*, *uninitialized*, *uninitialized*) /home/ubuntu/workspace/client/client/views/hash.php:6
[20-Sep-2017 13:48:25 UTC] PHP Parse error:  syntax error, unexpected 'session_start' (T_STRING) in /home/ubuntu/workspace/client/client/views/session.php on line 4
[20-Sep-2017 13:48:31 UTC] PHP Parse error:  syntax error, unexpected 'session_start' (T_STRING) in /home/ubuntu/workspace/client/client/views/session.php on line 4
[20-Sep-2017 13:48:36 UTC] PHP Parse error:  syntax error, unexpected 'session_start' (T_STRING) in /home/ubuntu/workspace/client/client/views/session.php on line 4
[20-Sep-2017 13:48:58 UTC] PHP Parse error:  syntax error, unexpected 'session_start' (T_STRING) in /home/ubuntu/workspace/client/client/views/session.php on line 4
[20-Sep-2017 13:49:22 UTC] PHP Parse error:  syntax error, unexpected 'session_start' (T_STRING) in /home/ubuntu/workspace/client/client/views/session.php on line 4
[20-Sep-2017 13:49:37 UTC] PHP Parse error:  syntax error, unexpected 'session_start' (T_STRING) in /home/ubuntu/workspace/client/client/views/session.php on line 4
[20-Sep-2017 13:50:12 UTC] PHP Parse error:  syntax error, unexpected 'session_start' (T_STRING) in /home/ubuntu/workspace/client/client/views/session.php on line 4
[20-Sep-2017 13:50:28 UTC] PHP Parse error:  syntax error, unexpected 'session_start' (T_STRING) in /home/ubuntu/workspace/client/client/views/session.php on line 4
[20-Sep-2017 13:51:15 UTC] PHP Parse error:  syntax error, unexpected 'session_start' (T_STRING) in /home/ubuntu/workspace/client/client/views/session.php on line 4
[20-Sep-2017 13:51:30 UTC] PHP Parse error:  syntax error, unexpected 'session_start' (T_STRING) in /home/ubuntu/workspace/client/client/views/session.php on line 4
[20-Sep-2017 13:52:48 UTC] PHP Parse error:  syntax error, unexpected 'session_start' (T_STRING) in /home/ubuntu/workspace/client/client/views/session.php on line 4
